INFO:sim:172 - Generating IP...
Resolving generics for 'Pic'...
Applying external generics to 'Pic'...
Delivering associated files for 'Pic'...
Delivering EJava files for 'Pic'...
Generating implementation netlist for 'Pic'...
INFO:sim - Pre-processing HDL files for 'Pic'...
Running synthesis for 'Pic'
Running ngcbuild...
Writing VEO instantiation template for 'Pic'...
Writing Verilog behavioral simulation model for 'Pic'...
WARNING:sim - Overwriting existing file
   C:/fpga/HW5/ipcore_dir/tmp/_cg/Pic/doc/blk_mem_gen_v7_3_vinfo.html with file
   from view xilinx_documentation
Delivered 1 file into directory C:/fpga/HW5/ipcore_dir/tmp/_cg/Pic
Generating ASY schematic symbol...
INFO:sim:949 - Finished generation of ASY schematic symbol.
Generating SYM schematic symbol for 'Pic'...
Generating metadata file...
Generating ISE project file for 'Pic'...
Generating ISE project...
XCO file found: Pic.xco
XMDF file found: Pic_xmdf.tcl
Adding C:/fpga/HW5/ipcore_dir/tmp/_cg/Pic.asy -view all -origin_type imported
Adding C:/fpga/HW5/ipcore_dir/tmp/_cg/Pic.ngc -view all -origin_type created
Checking file "C:/fpga/HW5/ipcore_dir/tmp/_cg/Pic.ngc" for project device match
...
File "C:/fpga/HW5/ipcore_dir/tmp/_cg/Pic.ngc" device information matches project
device.
Adding C:/fpga/HW5/ipcore_dir/tmp/_cg/Pic.sym -view all -origin_type imported
Adding C:/fpga/HW5/ipcore_dir/tmp/_cg/Pic.v -view all -origin_type created
INFO:HDLCompiler:1845 - Analyzing Verilog file
   "C:/fpga/HW5/ipcore_dir/tmp/_cg/Pic.v" into library work
INFO:ProjectMgmt - Parsing design hierarchy completed successfully.
Adding C:/fpga/HW5/ipcore_dir/tmp/_cg/Pic.veo -view all -origin_type imported
INFO:TclTasksC:2116 - The automatic calculation of top has been turned-off.
   Please set the new top explicitly by running the "project set top" command.
   To re-calculate the new top automatically, set the "Auto Implementation Top"
   property to true.
Top level has been set to "/Pic"
Generating README file...
Generating FLIST file...
INFO:sim:948 - Finished FLIST file generation.
Launching README viewer...
Moving files to output directory...
Finished moving files to output directory
Wrote CGP file for project 'Pic'.
